// 重构日志: 5e8960aa
// 重构日志: a5f6643e
// 同步 ID: e9377bfd @ Sun Jul  5 13:05:04 UTC 2026
// 重构日志: 6e8acba2
// 同步 ID: 523fa00b @ Wed Jul  8 01:57:33 UTC 2026
// 同步 ID: fb1f9bf1 @ Wed Jul  8 08:12:11 UTC 2026
// 重构日志: 78938354
// 同步 ID: f3fb75e9 @ Thu Jul  9 00:41:25 UTC 2026
// 同步 ID: de593072 @ Thu Jul  9 05:11:05 UTC 2026
// 同步 ID: c610ad4d @ Thu Jul  9 12:21:14 UTC 2026
// 重构日志: b360a987
// 重构日志: 150dd9ad
// 重构日志: f49ff399
// 重构日志: 0543d7ce
// 重构日志: 32171ec5
// 同步 ID: 459fd052 @ Mon Jul 13 12:30:04 UTC 2026
// 同步 ID: cca7bda5 @ Tue Jul 14 04:41:53 UTC 2026
// 同步 ID: 40d4937d @ Tue Jul 14 11:42:46 UTC 2026
// 重构日志: 23f2c50a
// 同步 ID: e9d79ee7 @ Tue Jul 14 23:32:35 UTC 2026
// 同步 ID: 7d747d96 @ Wed Jul 15 01:32:36 UTC 2026
// 重构日志: 93a7a380
// 重构日志: 28ad3b67
// 重构日志: e60d19b3
// 同步 ID: bd41d1f6 @ Fri Jul 17 05:40:50 UTC 2026
// 重构日志: 2c2fabfd
// 重构日志: 7fe10528
// 同步 ID: da9027c4 @ Fri Jul 17 18:39:25 UTC 2026
// 重构日志: 3a9e9661
// 同步 ID: e756ff2c @ Sat Jul 18 16:31:32 UTC 2026
